Started GET "/" for 127.0.0.1 at 2026-04-20 20:21:28 -0400
  
ActiveRecord::NoDatabaseError (We could not find your database: event_hub_development. Available database configurations can be found in config/database.yml.

To resolve this error:

- Did you not create the database, or did you delete it? To create the database, run:

    bin/rails db:create

- Has the database name changed? Verify that config/database.yml contains the correct database name.
)
Caused by: PG::ConnectionBad (connection to server on socket "/tmp/.s.PGSQL.5432" failed: FATAL:  database "event_hub_development" does not exist
)

Information for: ActiveRecord::NoDatabaseError (We could not find your database: event_hub_development. Available database configurations can be found in config/database.yml.

To resolve this error:

- Did you not create the database, or did you delete it? To create the database, run:

    bin/rails db:create

- Has the database name changed? Verify that config/database.yml contains the correct database name.
):
  
activerecord (8.0.5) lib/active_record/connection_adapters/postgresql_adapter.rb:63:in `rescue in new_client'
activerecord (8.0.5) lib/active_record/connection_adapters/postgresql_adapter.rb:57:in `new_client'
activerecord (8.0.5) lib/active_record/connection_adapters/postgresql_adapter.rb:944:in `connect'
activerecord (8.0.5) lib/active_record/connection_adapters/postgresql_adapter.rb:956:in `reconnect'
activerecord (8.0.5) lib/active_record/connection_adapters/abstract_adapter.rb:670:in `block (2 levels) in reconnect!'
activerecord (8.0.5) lib/active_record/connection_adapters/abstract_adapter.rb:1224:in `attempt_configure_connection'
activerecord (8.0.5) lib/active_record/connection_adapters/abstract_adapter.rb:669:in `block in reconnect!'
activesupport (8.0.5) lib/active_support/concurrency/null_lock.rb:9:in `synchronize'
activerecord (8.0.5) lib/active_record/connection_adapters/abstract_adapter.rb:668:in `reconnect!'
activerecord (8.0.5) lib/active_record/connection_adapters/abstract_adapter.rb:778:in `block in verify!'
activesupport (8.0.5) lib/active_support/concurrency/null_lock.rb:9:in `synchronize'
activerecord (8.0.5) lib/active_record/connection_adapters/abstract_adapter.rb:766:in `verify!'
activerecord (8.0.5) lib/active_record/connection_adapters/abstract_adapter.rb:786:in `connect!'
activerecord (8.0.5) lib/active_record/connection_adapters/abstract_adapter.rb:992:in `block in with_raw_connection'
activesupport (8.0.5) lib/active_support/concurrency/null_lock.rb:9:in `synchronize'
activerecord (8.0.5) lib/active_record/connection_adapters/abstract_adapter.rb:991:in `with_raw_connection'
activerecord (8.0.5) lib/active_record/connection_adapters/postgresql/quoting.rb:128:in `quote_string'
activerecord (8.0.5) lib/active_record/connection_adapters/abstract/quoting.rb:76:in `quote'
activerecord (8.0.5) lib/active_record/connection_adapters/postgresql/quoting.rb:122:in `quote'
activerecord (8.0.5) lib/active_record/connection_adapters/postgresql/schema_statements.rb:1142:in `quoted_scope'
activerecord (8.0.5) lib/active_record/connection_adapters/postgresql/schema_statements.rb:1119:in `data_source_sql'
activerecord (8.0.5) lib/active_record/connection_adapters/abstract/schema_statements.rb:60:in `table_exists?'
activerecord (8.0.5) lib/active_record/schema_migration.rb:55:in `block in create_table'
activerecord (8.0.5) lib/active_record/connection_adapters/abstract/connection_pool.rb:422:in `with_connection'
activerecord (8.0.5) lib/active_record/schema_migration.rb:54:in `create_table'
activerecord (8.0.5) lib/active_record/migration.rb:1430:in `initialize'
activerecord (8.0.5) lib/active_record/migration.rb:1278:in `new'
activerecord (8.0.5) lib/active_record/migration.rb:1278:in `open'
activerecord (8.0.5) lib/active_record/migration.rb:762:in `block (2 levels) in pending_migrations'
activerecord (8.0.5) lib/active_record/migration/pending_migration_connection.rb:8:in `with_temporary_pool'
activerecord (8.0.5) lib/active_record/migration.rb:761:in `block in pending_migrations'
activerecord (8.0.5) lib/active_record/migration.rb:760:in `each'
activerecord (8.0.5) lib/active_record/migration.rb:760:in `pending_migrations'
activerecord (8.0.5) lib/active_record/migration.rb:739:in `check_pending_migrations'
activerecord (8.0.5) lib/active_record/migration.rb:659:in `block (2 levels) in call'
activesupport (8.0.5) lib/active_support/file_update_checker.rb:85:in `execute'
activerecord (8.0.5) lib/active_record/migration.rb:664:in `block in call'
activerecord (8.0.5) lib/active_record/migration.rb:656:in `synchronize'
activerecord (8.0.5) lib/active_record/migration.rb:656:in `call'
actionpack (8.0.5) lib/action_dispatch/middleware/callbacks.rb:31:in `block in call'
activesupport (8.0.5) lib/active_support/callbacks.rb:100:in `run_callbacks'
actionpack (8.0.5) lib/action_dispatch/middleware/callbacks.rb:30:in `call'
actionpack (8.0.5) lib/action_dispatch/middleware/executor.rb:16:in `call'
actionpack (8.0.5) lib/action_dispatch/middleware/actionable_exceptions.rb:18:in `call'
actionpack (8.0.5) lib/action_dispatch/middleware/debug_exceptions.rb:31:in `call'
web-console (4.3.0) lib/web_console/middleware.rb:132:in `call_app'
web-console (4.3.0) lib/web_console/middleware.rb:28:in `block in call'
web-console (4.3.0) lib/web_console/middleware.rb:17:in `catch'
web-console (4.3.0) lib/web_console/middleware.rb:17:in `call'
actionpack (8.0.5) lib/action_dispatch/middleware/show_exceptions.rb:32:in `call'
railties (8.0.5) lib/rails/rack/logger.rb:41:in `call_app'
railties (8.0.5) lib/rails/rack/logger.rb:29:in `call'
propshaft (1.3.2) lib/propshaft/quiet_assets.rb:11:in `call'
actionpack (8.0.5) lib/action_dispatch/middleware/remote_ip.rb:96:in `call'
actionpack (8.0.5) lib/action_dispatch/middleware/request_id.rb:34:in `call'
rack (3.2.6) lib/rack/method_override.rb:28:in `call'
rack (3.2.6) lib/rack/runtime.rb:24:in `call'
actionpack (8.0.5) lib/action_dispatch/middleware/server_timing.rb:61:in `block in call'
actionpack (8.0.5) lib/action_dispatch/middleware/server_timing.rb:26:in `collect_events'
actionpack (8.0.5) lib/action_dispatch/middleware/server_timing.rb:60:in `call'
actionpack (8.0.5) lib/action_dispatch/middleware/executor.rb:16:in `call'
propshaft (1.3.2) lib/propshaft/server.rb:37:in `call'
actionpack (8.0.5) lib/action_dispatch/middleware/static.rb:27:in `call'
rack (3.2.6) lib/rack/sendfile.rb:131:in `call'
actionpack (8.0.5) lib/action_dispatch/middleware/host_authorization.rb:143:in `call'
railties (8.0.5) lib/rails/engine.rb:535:in `call'
puma (8.0.0) lib/puma/configuration.rb:305:in `call'
puma (8.0.0) lib/puma/response.rb:79:in `block in handle_request'
puma (8.0.0) lib/puma/thread_pool.rb:434:in `with_force_shutdown'
puma (8.0.0) lib/puma/response.rb:78:in `handle_request'
puma (8.0.0) lib/puma/server.rb:508:in `process_client'
puma (8.0.0) lib/puma/server.rb:263:in `block in run'
puma (8.0.0) lib/puma/thread_pool.rb:246:in `block in spawn_thread'

Information for cause: PG::ConnectionBad (connection to server on socket "/tmp/.s.PGSQL.5432" failed: FATAL:  database "event_hub_development" does not exist
):
  
pg-1.6.3-arm64 (darwin) lib/pg/connection.rb:751:in `polling_loop'
pg-1.6.3-arm64 (darwin) lib/pg/connection.rb:795:in `async_connect_or_reset'
pg-1.6.3-arm64 (darwin) lib/pg/connection.rb:951:in `connect_to_hosts'
pg-1.6.3-arm64 (darwin) lib/pg/connection.rb:871:in `new'
pg-1.6.3-arm64 (darwin) lib/pg.rb:88:in `connect'
activerecord (8.0.5) lib/active_record/connection_adapters/postgresql_adapter.rb:58:in `new_client'
activerecord (8.0.5) lib/active_record/connection_adapters/postgresql_adapter.rb:944:in `connect'
activerecord (8.0.5) lib/active_record/connection_adapters/postgresql_adapter.rb:956:in `reconnect'
activerecord (8.0.5) lib/active_record/connection_adapters/abstract_adapter.rb:670:in `block (2 levels) in reconnect!'
activerecord (8.0.5) lib/active_record/connection_adapters/abstract_adapter.rb:1224:in `attempt_configure_connection'
activerecord (8.0.5) lib/active_record/connection_adapters/abstract_adapter.rb:669:in `block in reconnect!'
activesupport (8.0.5) lib/active_support/concurrency/null_lock.rb:9:in `synchronize'
activerecord (8.0.5) lib/active_record/connection_adapters/abstract_adapter.rb:668:in `reconnect!'
activerecord (8.0.5) lib/active_record/connection_adapters/abstract_adapter.rb:778:in `block in verify!'
activesupport (8.0.5) lib/active_support/concurrency/null_lock.rb:9:in `synchronize'
activerecord (8.0.5) lib/active_record/connection_adapters/abstract_adapter.rb:766:in `verify!'
activerecord (8.0.5) lib/active_record/connection_adapters/abstract_adapter.rb:786:in `connect!'
activerecord (8.0.5) lib/active_record/connection_adapters/abstract_adapter.rb:992:in `block in with_raw_connection'
activesupport (8.0.5) lib/active_support/concurrency/null_lock.rb:9:in `synchronize'
activerecord (8.0.5) lib/active_record/connection_adapters/abstract_adapter.rb:991:in `with_raw_connection'
activerecord (8.0.5) lib/active_record/connection_adapters/postgresql/quoting.rb:128:in `quote_string'
activerecord (8.0.5) lib/active_record/connection_adapters/abstract/quoting.rb:76:in `quote'
activerecord (8.0.5) lib/active_record/connection_adapters/postgresql/quoting.rb:122:in `quote'
activerecord (8.0.5) lib/active_record/connection_adapters/postgresql/schema_statements.rb:1142:in `quoted_scope'
activerecord (8.0.5) lib/active_record/connection_adapters/postgresql/schema_statements.rb:1119:in `data_source_sql'
activerecord (8.0.5) lib/active_record/connection_adapters/abstract/schema_statements.rb:60:in `table_exists?'
activerecord (8.0.5) lib/active_record/schema_migration.rb:55:in `block in create_table'
activerecord (8.0.5) lib/active_record/connection_adapters/abstract/connection_pool.rb:422:in `with_connection'
activerecord (8.0.5) lib/active_record/schema_migration.rb:54:in `create_table'
activerecord (8.0.5) lib/active_record/migration.rb:1430:in `initialize'
activerecord (8.0.5) lib/active_record/migration.rb:1278:in `new'
activerecord (8.0.5) lib/active_record/migration.rb:1278:in `open'
activerecord (8.0.5) lib/active_record/migration.rb:762:in `block (2 levels) in pending_migrations'
activerecord (8.0.5) lib/active_record/migration/pending_migration_connection.rb:8:in `with_temporary_pool'
activerecord (8.0.5) lib/active_record/migration.rb:761:in `block in pending_migrations'
activerecord (8.0.5) lib/active_record/migration.rb:760:in `each'
activerecord (8.0.5) lib/active_record/migration.rb:760:in `pending_migrations'
activerecord (8.0.5) lib/active_record/migration.rb:739:in `check_pending_migrations'
activerecord (8.0.5) lib/active_record/migration.rb:659:in `block (2 levels) in call'
activesupport (8.0.5) lib/active_support/file_update_checker.rb:85:in `execute'
activerecord (8.0.5) lib/active_record/migration.rb:664:in `block in call'
activerecord (8.0.5) lib/active_record/migration.rb:656:in `synchronize'
activerecord (8.0.5) lib/active_record/migration.rb:656:in `call'
actionpack (8.0.5) lib/action_dispatch/middleware/callbacks.rb:31:in `block in call'
activesupport (8.0.5) lib/active_support/callbacks.rb:100:in `run_callbacks'
actionpack (8.0.5) lib/action_dispatch/middleware/callbacks.rb:30:in `call'
actionpack (8.0.5) lib/action_dispatch/middleware/executor.rb:16:in `call'
actionpack (8.0.5) lib/action_dispatch/middleware/actionable_exceptions.rb:18:in `call'
actionpack (8.0.5) lib/action_dispatch/middleware/debug_exceptions.rb:31:in `call'
web-console (4.3.0) lib/web_console/middleware.rb:132:in `call_app'
web-console (4.3.0) lib/web_console/middleware.rb:28:in `block in call'
web-console (4.3.0) lib/web_console/middleware.rb:17:in `catch'
web-console (4.3.0) lib/web_console/middleware.rb:17:in `call'
actionpack (8.0.5) lib/action_dispatch/middleware/show_exceptions.rb:32:in `call'
railties (8.0.5) lib/rails/rack/logger.rb:41:in `call_app'
railties (8.0.5) lib/rails/rack/logger.rb:29:in `call'
propshaft (1.3.2) lib/propshaft/quiet_assets.rb:11:in `call'
actionpack (8.0.5) lib/action_dispatch/middleware/remote_ip.rb:96:in `call'
actionpack (8.0.5) lib/action_dispatch/middleware/request_id.rb:34:in `call'
rack (3.2.6) lib/rack/method_override.rb:28:in `call'
rack (3.2.6) lib/rack/runtime.rb:24:in `call'
actionpack (8.0.5) lib/action_dispatch/middleware/server_timing.rb:61:in `block in call'
actionpack (8.0.5) lib/action_dispatch/middleware/server_timing.rb:26:in `collect_events'
actionpack (8.0.5) lib/action_dispatch/middleware/server_timing.rb:60:in `call'
actionpack (8.0.5) lib/action_dispatch/middleware/executor.rb:16:in `call'
propshaft (1.3.2) lib/propshaft/server.rb:37:in `call'
actionpack (8.0.5) lib/action_dispatch/middleware/static.rb:27:in `call'
rack (3.2.6) lib/rack/sendfile.rb:131:in `call'
actionpack (8.0.5) lib/action_dispatch/middleware/host_authorization.rb:143:in `call'
railties (8.0.5) lib/rails/engine.rb:535:in `call'
puma (8.0.0) lib/puma/configuration.rb:305:in `call'
puma (8.0.0) lib/puma/response.rb:79:in `block in handle_request'
puma (8.0.0) lib/puma/thread_pool.rb:434:in `with_force_shutdown'
puma (8.0.0) lib/puma/response.rb:78:in `handle_request'
puma (8.0.0) lib/puma/server.rb:508:in `process_client'
puma (8.0.0) lib/puma/server.rb:263:in `block in run'
puma (8.0.0) lib/puma/thread_pool.rb:246:in `block in spawn_thread'
Started GET "/" for 127.0.0.1 at 2026-04-20 20:21:29 -0400
  
ActiveRecord::NoDatabaseError (We could not find your database: event_hub_development. Available database configurations can be found in config/database.yml.

To resolve this error:

- Did you not create the database, or did you delete it? To create the database, run:

    bin/rails db:create

- Has the database name changed? Verify that config/database.yml contains the correct database name.
)
Caused by: PG::ConnectionBad (connection to server on socket "/tmp/.s.PGSQL.5432" failed: FATAL:  database "event_hub_development" does not exist
)

Information for: ActiveRecord::NoDatabaseError (We could not find your database: event_hub_development. Available database configurations can be found in config/database.yml.

To resolve this error:

- Did you not create the database, or did you delete it? To create the database, run:

    bin/rails db:create

- Has the database name changed? Verify that config/database.yml contains the correct database name.
):
  
activerecord (8.0.5) lib/active_record/connection_adapters/postgresql_adapter.rb:63:in `rescue in new_client'
activerecord (8.0.5) lib/active_record/connection_adapters/postgresql_adapter.rb:57:in `new_client'
activerecord (8.0.5) lib/active_record/connection_adapters/postgresql_adapter.rb:944:in `connect'
activerecord (8.0.5) lib/active_record/connection_adapters/postgresql_adapter.rb:956:in `reconnect'
activerecord (8.0.5) lib/active_record/connection_adapters/abstract_adapter.rb:670:in `block (2 levels) in reconnect!'
activerecord (8.0.5) lib/active_record/connection_adapters/abstract_adapter.rb:1224:in `attempt_configure_connection'
activerecord (8.0.5) lib/active_record/connection_adapters/abstract_adapter.rb:669:in `block in reconnect!'
activesupport (8.0.5) lib/active_support/concurrency/null_lock.rb:9:in `synchronize'
activerecord (8.0.5) lib/active_record/connection_adapters/abstract_adapter.rb:668:in `reconnect!'
activerecord (8.0.5) lib/active_record/connection_adapters/abstract_adapter.rb:778:in `block in verify!'
activesupport (8.0.5) lib/active_support/concurrency/null_lock.rb:9:in `synchronize'
activerecord (8.0.5) lib/active_record/connection_adapters/abstract_adapter.rb:766:in `verify!'
activerecord (8.0.5) lib/active_record/connection_adapters/abstract_adapter.rb:786:in `connect!'
activerecord (8.0.5) lib/active_record/connection_adapters/abstract_adapter.rb:992:in `block in with_raw_connection'
activesupport (8.0.5) lib/active_support/concurrency/null_lock.rb:9:in `synchronize'
activerecord (8.0.5) lib/active_record/connection_adapters/abstract_adapter.rb:991:in `with_raw_connection'
activerecord (8.0.5) lib/active_record/connection_adapters/postgresql/quoting.rb:128:in `quote_string'
activerecord (8.0.5) lib/active_record/connection_adapters/abstract/quoting.rb:76:in `quote'
activerecord (8.0.5) lib/active_record/connection_adapters/postgresql/quoting.rb:122:in `quote'
activerecord (8.0.5) lib/active_record/connection_adapters/postgresql/schema_statements.rb:1142:in `quoted_scope'
activerecord (8.0.5) lib/active_record/connection_adapters/postgresql/schema_statements.rb:1119:in `data_source_sql'
activerecord (8.0.5) lib/active_record/connection_adapters/abstract/schema_statements.rb:60:in `table_exists?'
activerecord (8.0.5) lib/active_record/schema_migration.rb:55:in `block in create_table'
activerecord (8.0.5) lib/active_record/connection_adapters/abstract/connection_pool.rb:422:in `with_connection'
activerecord (8.0.5) lib/active_record/schema_migration.rb:54:in `create_table'
activerecord (8.0.5) lib/active_record/migration.rb:1430:in `initialize'
activerecord (8.0.5) lib/active_record/migration.rb:1278:in `new'
activerecord (8.0.5) lib/active_record/migration.rb:1278:in `open'
activerecord (8.0.5) lib/active_record/migration.rb:762:in `block (2 levels) in pending_migrations'
activerecord (8.0.5) lib/active_record/migration/pending_migration_connection.rb:8:in `with_temporary_pool'
activerecord (8.0.5) lib/active_record/migration.rb:761:in `block in pending_migrations'
activerecord (8.0.5) lib/active_record/migration.rb:760:in `each'
activerecord (8.0.5) lib/active_record/migration.rb:760:in `pending_migrations'
activerecord (8.0.5) lib/active_record/migration.rb:739:in `check_pending_migrations'
activerecord (8.0.5) lib/active_record/migration.rb:659:in `block (2 levels) in call'
activesupport (8.0.5) lib/active_support/file_update_checker.rb:85:in `execute'
activerecord (8.0.5) lib/active_record/migration.rb:664:in `block in call'
activerecord (8.0.5) lib/active_record/migration.rb:656:in `synchronize'
activerecord (8.0.5) lib/active_record/migration.rb:656:in `call'
actionpack (8.0.5) lib/action_dispatch/middleware/callbacks.rb:31:in `block in call'
activesupport (8.0.5) lib/active_support/callbacks.rb:100:in `run_callbacks'
actionpack (8.0.5) lib/action_dispatch/middleware/callbacks.rb:30:in `call'
actionpack (8.0.5) lib/action_dispatch/middleware/executor.rb:16:in `call'
actionpack (8.0.5) lib/action_dispatch/middleware/actionable_exceptions.rb:18:in `call'
actionpack (8.0.5) lib/action_dispatch/middleware/debug_exceptions.rb:31:in `call'
web-console (4.3.0) lib/web_console/middleware.rb:132:in `call_app'
web-console (4.3.0) lib/web_console/middleware.rb:28:in `block in call'
web-console (4.3.0) lib/web_console/middleware.rb:17:in `catch'
web-console (4.3.0) lib/web_console/middleware.rb:17:in `call'
actionpack (8.0.5) lib/action_dispatch/middleware/show_exceptions.rb:32:in `call'
railties (8.0.5) lib/rails/rack/logger.rb:41:in `call_app'
railties (8.0.5) lib/rails/rack/logger.rb:29:in `call'
propshaft (1.3.2) lib/propshaft/quiet_assets.rb:11:in `call'
actionpack (8.0.5) lib/action_dispatch/middleware/remote_ip.rb:96:in `call'
actionpack (8.0.5) lib/action_dispatch/middleware/request_id.rb:34:in `call'
rack (3.2.6) lib/rack/method_override.rb:28:in `call'
rack (3.2.6) lib/rack/runtime.rb:24:in `call'
actionpack (8.0.5) lib/action_dispatch/middleware/server_timing.rb:61:in `block in call'
actionpack (8.0.5) lib/action_dispatch/middleware/server_timing.rb:26:in `collect_events'
actionpack (8.0.5) lib/action_dispatch/middleware/server_timing.rb:60:in `call'
actionpack (8.0.5) lib/action_dispatch/middleware/executor.rb:16:in `call'
propshaft (1.3.2) lib/propshaft/server.rb:37:in `call'
actionpack (8.0.5) lib/action_dispatch/middleware/static.rb:27:in `call'
rack (3.2.6) lib/rack/sendfile.rb:131:in `call'
actionpack (8.0.5) lib/action_dispatch/middleware/host_authorization.rb:143:in `call'
railties (8.0.5) lib/rails/engine.rb:535:in `call'
puma (8.0.0) lib/puma/configuration.rb:305:in `call'
puma (8.0.0) lib/puma/response.rb:79:in `block in handle_request'
puma (8.0.0) lib/puma/thread_pool.rb:434:in `with_force_shutdown'
puma (8.0.0) lib/puma/response.rb:78:in `handle_request'
puma (8.0.0) lib/puma/server.rb:508:in `process_client'
puma (8.0.0) lib/puma/server.rb:263:in `block in run'
puma (8.0.0) lib/puma/thread_pool.rb:246:in `block in spawn_thread'

Information for cause: PG::ConnectionBad (connection to server on socket "/tmp/.s.PGSQL.5432" failed: FATAL:  database "event_hub_development" does not exist
):
  
pg-1.6.3-arm64 (darwin) lib/pg/connection.rb:751:in `polling_loop'
pg-1.6.3-arm64 (darwin) lib/pg/connection.rb:795:in `async_connect_or_reset'
pg-1.6.3-arm64 (darwin) lib/pg/connection.rb:951:in `connect_to_hosts'
pg-1.6.3-arm64 (darwin) lib/pg/connection.rb:871:in `new'
pg-1.6.3-arm64 (darwin) lib/pg.rb:88:in `connect'
activerecord (8.0.5) lib/active_record/connection_adapters/postgresql_adapter.rb:58:in `new_client'
activerecord (8.0.5) lib/active_record/connection_adapters/postgresql_adapter.rb:944:in `connect'
activerecord (8.0.5) lib/active_record/connection_adapters/postgresql_adapter.rb:956:in `reconnect'
activerecord (8.0.5) lib/active_record/connection_adapters/abstract_adapter.rb:670:in `block (2 levels) in reconnect!'
activerecord (8.0.5) lib/active_record/connection_adapters/abstract_adapter.rb:1224:in `attempt_configure_connection'
activerecord (8.0.5) lib/active_record/connection_adapters/abstract_adapter.rb:669:in `block in reconnect!'
activesupport (8.0.5) lib/active_support/concurrency/null_lock.rb:9:in `synchronize'
activerecord (8.0.5) lib/active_record/connection_adapters/abstract_adapter.rb:668:in `reconnect!'
activerecord (8.0.5) lib/active_record/connection_adapters/abstract_adapter.rb:778:in `block in verify!'
activesupport (8.0.5) lib/active_support/concurrency/null_lock.rb:9:in `synchronize'
activerecord (8.0.5) lib/active_record/connection_adapters/abstract_adapter.rb:766:in `verify!'
activerecord (8.0.5) lib/active_record/connection_adapters/abstract_adapter.rb:786:in `connect!'
activerecord (8.0.5) lib/active_record/connection_adapters/abstract_adapter.rb:992:in `block in with_raw_connection'
activesupport (8.0.5) lib/active_support/concurrency/null_lock.rb:9:in `synchronize'
activerecord (8.0.5) lib/active_record/connection_adapters/abstract_adapter.rb:991:in `with_raw_connection'
activerecord (8.0.5) lib/active_record/connection_adapters/postgresql/quoting.rb:128:in `quote_string'
activerecord (8.0.5) lib/active_record/connection_adapters/abstract/quoting.rb:76:in `quote'
activerecord (8.0.5) lib/active_record/connection_adapters/postgresql/quoting.rb:122:in `quote'
activerecord (8.0.5) lib/active_record/connection_adapters/postgresql/schema_statements.rb:1142:in `quoted_scope'
activerecord (8.0.5) lib/active_record/connection_adapters/postgresql/schema_statements.rb:1119:in `data_source_sql'
activerecord (8.0.5) lib/active_record/connection_adapters/abstract/schema_statements.rb:60:in `table_exists?'
activerecord (8.0.5) lib/active_record/schema_migration.rb:55:in `block in create_table'
activerecord (8.0.5) lib/active_record/connection_adapters/abstract/connection_pool.rb:422:in `with_connection'
activerecord (8.0.5) lib/active_record/schema_migration.rb:54:in `create_table'
activerecord (8.0.5) lib/active_record/migration.rb:1430:in `initialize'
activerecord (8.0.5) lib/active_record/migration.rb:1278:in `new'
activerecord (8.0.5) lib/active_record/migration.rb:1278:in `open'
activerecord (8.0.5) lib/active_record/migration.rb:762:in `block (2 levels) in pending_migrations'
activerecord (8.0.5) lib/active_record/migration/pending_migration_connection.rb:8:in `with_temporary_pool'
activerecord (8.0.5) lib/active_record/migration.rb:761:in `block in pending_migrations'
activerecord (8.0.5) lib/active_record/migration.rb:760:in `each'
activerecord (8.0.5) lib/active_record/migration.rb:760:in `pending_migrations'
activerecord (8.0.5) lib/active_record/migration.rb:739:in `check_pending_migrations'
activerecord (8.0.5) lib/active_record/migration.rb:659:in `block (2 levels) in call'
activesupport (8.0.5) lib/active_support/file_update_checker.rb:85:in `execute'
activerecord (8.0.5) lib/active_record/migration.rb:664:in `block in call'
activerecord (8.0.5) lib/active_record/migration.rb:656:in `synchronize'
activerecord (8.0.5) lib/active_record/migration.rb:656:in `call'
actionpack (8.0.5) lib/action_dispatch/middleware/callbacks.rb:31:in `block in call'
activesupport (8.0.5) lib/active_support/callbacks.rb:100:in `run_callbacks'
actionpack (8.0.5) lib/action_dispatch/middleware/callbacks.rb:30:in `call'
actionpack (8.0.5) lib/action_dispatch/middleware/executor.rb:16:in `call'
actionpack (8.0.5) lib/action_dispatch/middleware/actionable_exceptions.rb:18:in `call'
actionpack (8.0.5) lib/action_dispatch/middleware/debug_exceptions.rb:31:in `call'
web-console (4.3.0) lib/web_console/middleware.rb:132:in `call_app'
web-console (4.3.0) lib/web_console/middleware.rb:28:in `block in call'
web-console (4.3.0) lib/web_console/middleware.rb:17:in `catch'
web-console (4.3.0) lib/web_console/middleware.rb:17:in `call'
actionpack (8.0.5) lib/action_dispatch/middleware/show_exceptions.rb:32:in `call'
railties (8.0.5) lib/rails/rack/logger.rb:41:in `call_app'
railties (8.0.5) lib/rails/rack/logger.rb:29:in `call'
propshaft (1.3.2) lib/propshaft/quiet_assets.rb:11:in `call'
actionpack (8.0.5) lib/action_dispatch/middleware/remote_ip.rb:96:in `call'
actionpack (8.0.5) lib/action_dispatch/middleware/request_id.rb:34:in `call'
rack (3.2.6) lib/rack/method_override.rb:28:in `call'
rack (3.2.6) lib/rack/runtime.rb:24:in `call'
actionpack (8.0.5) lib/action_dispatch/middleware/server_timing.rb:61:in `block in call'
actionpack (8.0.5) lib/action_dispatch/middleware/server_timing.rb:26:in `collect_events'
actionpack (8.0.5) lib/action_dispatch/middleware/server_timing.rb:60:in `call'
actionpack (8.0.5) lib/action_dispatch/middleware/executor.rb:16:in `call'
propshaft (1.3.2) lib/propshaft/server.rb:37:in `call'
actionpack (8.0.5) lib/action_dispatch/middleware/static.rb:27:in `call'
rack (3.2.6) lib/rack/sendfile.rb:131:in `call'
actionpack (8.0.5) lib/action_dispatch/middleware/host_authorization.rb:143:in `call'
railties (8.0.5) lib/rails/engine.rb:535:in `call'
puma (8.0.0) lib/puma/configuration.rb:305:in `call'
puma (8.0.0) lib/puma/response.rb:79:in `block in handle_request'
puma (8.0.0) lib/puma/thread_pool.rb:434:in `with_force_shutdown'
puma (8.0.0) lib/puma/response.rb:78:in `handle_request'
puma (8.0.0) lib/puma/server.rb:508:in `process_client'
puma (8.0.0) lib/puma/server.rb:263:in `block in run'
puma (8.0.0) lib/puma/thread_pool.rb:246:in `block in spawn_thread'
Started GET "/favicon.ico" for 127.0.0.1 at 2026-04-20 20:21:29 -0400
  
ActiveRecord::NoDatabaseError (We could not find your database: event_hub_development. Available database configurations can be found in config/database.yml.

To resolve this error:

- Did you not create the database, or did you delete it? To create the database, run:

    bin/rails db:create

- Has the database name changed? Verify that config/database.yml contains the correct database name.
)
Caused by: PG::ConnectionBad (connection to server on socket "/tmp/.s.PGSQL.5432" failed: FATAL:  database "event_hub_development" does not exist
)

Information for: ActiveRecord::NoDatabaseError (We could not find your database: event_hub_development. Available database configurations can be found in config/database.yml.

To resolve this error:

- Did you not create the database, or did you delete it? To create the database, run:

    bin/rails db:create

- Has the database name changed? Verify that config/database.yml contains the correct database name.
):
  
activerecord (8.0.5) lib/active_record/connection_adapters/postgresql_adapter.rb:63:in `rescue in new_client'
activerecord (8.0.5) lib/active_record/connection_adapters/postgresql_adapter.rb:57:in `new_client'
activerecord (8.0.5) lib/active_record/connection_adapters/postgresql_adapter.rb:944:in `connect'
activerecord (8.0.5) lib/active_record/connection_adapters/postgresql_adapter.rb:956:in `reconnect'
activerecord (8.0.5) lib/active_record/connection_adapters/abstract_adapter.rb:670:in `block (2 levels) in reconnect!'
activerecord (8.0.5) lib/active_record/connection_adapters/abstract_adapter.rb:1224:in `attempt_configure_connection'
activerecord (8.0.5) lib/active_record/connection_adapters/abstract_adapter.rb:669:in `block in reconnect!'
activesupport (8.0.5) lib/active_support/concurrency/null_lock.rb:9:in `synchronize'
activerecord (8.0.5) lib/active_record/connection_adapters/abstract_adapter.rb:668:in `reconnect!'
activerecord (8.0.5) lib/active_record/connection_adapters/abstract_adapter.rb:778:in `block in verify!'
activesupport (8.0.5) lib/active_support/concurrency/null_lock.rb:9:in `synchronize'
activerecord (8.0.5) lib/active_record/connection_adapters/abstract_adapter.rb:766:in `verify!'
activerecord (8.0.5) lib/active_record/connection_adapters/abstract_adapter.rb:786:in `connect!'
activerecord (8.0.5) lib/active_record/connection_adapters/abstract_adapter.rb:992:in `block in with_raw_connection'
activesupport (8.0.5) lib/active_support/concurrency/null_lock.rb:9:in `synchronize'
activerecord (8.0.5) lib/active_record/connection_adapters/abstract_adapter.rb:991:in `with_raw_connection'
activerecord (8.0.5) lib/active_record/connection_adapters/postgresql/quoting.rb:128:in `quote_string'
activerecord (8.0.5) lib/active_record/connection_adapters/abstract/quoting.rb:76:in `quote'
activerecord (8.0.5) lib/active_record/connection_adapters/postgresql/quoting.rb:122:in `quote'
activerecord (8.0.5) lib/active_record/connection_adapters/postgresql/schema_statements.rb:1142:in `quoted_scope'
activerecord (8.0.5) lib/active_record/connection_adapters/postgresql/schema_statements.rb:1119:in `data_source_sql'
activerecord (8.0.5) lib/active_record/connection_adapters/abstract/schema_statements.rb:60:in `table_exists?'
activerecord (8.0.5) lib/active_record/schema_migration.rb:55:in `block in create_table'
activerecord (8.0.5) lib/active_record/connection_adapters/abstract/connection_pool.rb:422:in `with_connection'
activerecord (8.0.5) lib/active_record/schema_migration.rb:54:in `create_table'
activerecord (8.0.5) lib/active_record/migration.rb:1430:in `initialize'
activerecord (8.0.5) lib/active_record/migration.rb:1278:in `new'
activerecord (8.0.5) lib/active_record/migration.rb:1278:in `open'
activerecord (8.0.5) lib/active_record/migration.rb:762:in `block (2 levels) in pending_migrations'
activerecord (8.0.5) lib/active_record/migration/pending_migration_connection.rb:8:in `with_temporary_pool'
activerecord (8.0.5) lib/active_record/migration.rb:761:in `block in pending_migrations'
activerecord (8.0.5) lib/active_record/migration.rb:760:in `each'
activerecord (8.0.5) lib/active_record/migration.rb:760:in `pending_migrations'
activerecord (8.0.5) lib/active_record/migration.rb:739:in `check_pending_migrations'
activerecord (8.0.5) lib/active_record/migration.rb:659:in `block (2 levels) in call'
activesupport (8.0.5) lib/active_support/file_update_checker.rb:85:in `execute'
activerecord (8.0.5) lib/active_record/migration.rb:664:in `block in call'
activerecord (8.0.5) lib/active_record/migration.rb:656:in `synchronize'
activerecord (8.0.5) lib/active_record/migration.rb:656:in `call'
actionpack (8.0.5) lib/action_dispatch/middleware/callbacks.rb:31:in `block in call'
activesupport (8.0.5) lib/active_support/callbacks.rb:100:in `run_callbacks'
actionpack (8.0.5) lib/action_dispatch/middleware/callbacks.rb:30:in `call'
actionpack (8.0.5) lib/action_dispatch/middleware/executor.rb:16:in `call'
actionpack (8.0.5) lib/action_dispatch/middleware/actionable_exceptions.rb:18:in `call'
actionpack (8.0.5) lib/action_dispatch/middleware/debug_exceptions.rb:31:in `call'
web-console (4.3.0) lib/web_console/middleware.rb:132:in `call_app'
web-console (4.3.0) lib/web_console/middleware.rb:28:in `block in call'
web-console (4.3.0) lib/web_console/middleware.rb:17:in `catch'
web-console (4.3.0) lib/web_console/middleware.rb:17:in `call'
actionpack (8.0.5) lib/action_dispatch/middleware/show_exceptions.rb:32:in `call'
railties (8.0.5) lib/rails/rack/logger.rb:41:in `call_app'
railties (8.0.5) lib/rails/rack/logger.rb:29:in `call'
propshaft (1.3.2) lib/propshaft/quiet_assets.rb:11:in `call'
actionpack (8.0.5) lib/action_dispatch/middleware/remote_ip.rb:96:in `call'
actionpack (8.0.5) lib/action_dispatch/middleware/request_id.rb:34:in `call'
rack (3.2.6) lib/rack/method_override.rb:28:in `call'
rack (3.2.6) lib/rack/runtime.rb:24:in `call'
actionpack (8.0.5) lib/action_dispatch/middleware/server_timing.rb:61:in `block in call'
actionpack (8.0.5) lib/action_dispatch/middleware/server_timing.rb:26:in `collect_events'
actionpack (8.0.5) lib/action_dispatch/middleware/server_timing.rb:60:in `call'
actionpack (8.0.5) lib/action_dispatch/middleware/executor.rb:16:in `call'
propshaft (1.3.2) lib/propshaft/server.rb:37:in `call'
actionpack (8.0.5) lib/action_dispatch/middleware/static.rb:27:in `call'
rack (3.2.6) lib/rack/sendfile.rb:131:in `call'
actionpack (8.0.5) lib/action_dispatch/middleware/host_authorization.rb:143:in `call'
railties (8.0.5) lib/rails/engine.rb:535:in `call'
puma (8.0.0) lib/puma/configuration.rb:305:in `call'
puma (8.0.0) lib/puma/response.rb:79:in `block in handle_request'
puma (8.0.0) lib/puma/thread_pool.rb:434:in `with_force_shutdown'
puma (8.0.0) lib/puma/response.rb:78:in `handle_request'
puma (8.0.0) lib/puma/server.rb:508:in `process_client'
puma (8.0.0) lib/puma/server.rb:263:in `block in run'
puma (8.0.0) lib/puma/thread_pool.rb:246:in `block in spawn_thread'

Information for cause: PG::ConnectionBad (connection to server on socket "/tmp/.s.PGSQL.5432" failed: FATAL:  database "event_hub_development" does not exist
):
  
pg-1.6.3-arm64 (darwin) lib/pg/connection.rb:751:in `polling_loop'
pg-1.6.3-arm64 (darwin) lib/pg/connection.rb:795:in `async_connect_or_reset'
pg-1.6.3-arm64 (darwin) lib/pg/connection.rb:951:in `connect_to_hosts'
pg-1.6.3-arm64 (darwin) lib/pg/connection.rb:871:in `new'
pg-1.6.3-arm64 (darwin) lib/pg.rb:88:in `connect'
activerecord (8.0.5) lib/active_record/connection_adapters/postgresql_adapter.rb:58:in `new_client'
activerecord (8.0.5) lib/active_record/connection_adapters/postgresql_adapter.rb:944:in `connect'
activerecord (8.0.5) lib/active_record/connection_adapters/postgresql_adapter.rb:956:in `reconnect'
activerecord (8.0.5) lib/active_record/connection_adapters/abstract_adapter.rb:670:in `block (2 levels) in reconnect!'
activerecord (8.0.5) lib/active_record/connection_adapters/abstract_adapter.rb:1224:in `attempt_configure_connection'
activerecord (8.0.5) lib/active_record/connection_adapters/abstract_adapter.rb:669:in `block in reconnect!'
activesupport (8.0.5) lib/active_support/concurrency/null_lock.rb:9:in `synchronize'
activerecord (8.0.5) lib/active_record/connection_adapters/abstract_adapter.rb:668:in `reconnect!'
activerecord (8.0.5) lib/active_record/connection_adapters/abstract_adapter.rb:778:in `block in verify!'
activesupport (8.0.5) lib/active_support/concurrency/null_lock.rb:9:in `synchronize'
activerecord (8.0.5) lib/active_record/connection_adapters/abstract_adapter.rb:766:in `verify!'
activerecord (8.0.5) lib/active_record/connection_adapters/abstract_adapter.rb:786:in `connect!'
activerecord (8.0.5) lib/active_record/connection_adapters/abstract_adapter.rb:992:in `block in with_raw_connection'
activesupport (8.0.5) lib/active_support/concurrency/null_lock.rb:9:in `synchronize'
activerecord (8.0.5) lib/active_record/connection_adapters/abstract_adapter.rb:991:in `with_raw_connection'
activerecord (8.0.5) lib/active_record/connection_adapters/postgresql/quoting.rb:128:in `quote_string'
activerecord (8.0.5) lib/active_record/connection_adapters/abstract/quoting.rb:76:in `quote'
activerecord (8.0.5) lib/active_record/connection_adapters/postgresql/quoting.rb:122:in `quote'
activerecord (8.0.5) lib/active_record/connection_adapters/postgresql/schema_statements.rb:1142:in `quoted_scope'
activerecord (8.0.5) lib/active_record/connection_adapters/postgresql/schema_statements.rb:1119:in `data_source_sql'
activerecord (8.0.5) lib/active_record/connection_adapters/abstract/schema_statements.rb:60:in `table_exists?'
activerecord (8.0.5) lib/active_record/schema_migration.rb:55:in `block in create_table'
activerecord (8.0.5) lib/active_record/connection_adapters/abstract/connection_pool.rb:422:in `with_connection'
activerecord (8.0.5) lib/active_record/schema_migration.rb:54:in `create_table'
activerecord (8.0.5) lib/active_record/migration.rb:1430:in `initialize'
activerecord (8.0.5) lib/active_record/migration.rb:1278:in `new'
activerecord (8.0.5) lib/active_record/migration.rb:1278:in `open'
activerecord (8.0.5) lib/active_record/migration.rb:762:in `block (2 levels) in pending_migrations'
activerecord (8.0.5) lib/active_record/migration/pending_migration_connection.rb:8:in `with_temporary_pool'
activerecord (8.0.5) lib/active_record/migration.rb:761:in `block in pending_migrations'
activerecord (8.0.5) lib/active_record/migration.rb:760:in `each'
activerecord (8.0.5) lib/active_record/migration.rb:760:in `pending_migrations'
activerecord (8.0.5) lib/active_record/migration.rb:739:in `check_pending_migrations'
activerecord (8.0.5) lib/active_record/migration.rb:659:in `block (2 levels) in call'
activesupport (8.0.5) lib/active_support/file_update_checker.rb:85:in `execute'
activerecord (8.0.5) lib/active_record/migration.rb:664:in `block in call'
activerecord (8.0.5) lib/active_record/migration.rb:656:in `synchronize'
activerecord (8.0.5) lib/active_record/migration.rb:656:in `call'
actionpack (8.0.5) lib/action_dispatch/middleware/callbacks.rb:31:in `block in call'
activesupport (8.0.5) lib/active_support/callbacks.rb:100:in `run_callbacks'
actionpack (8.0.5) lib/action_dispatch/middleware/callbacks.rb:30:in `call'
actionpack (8.0.5) lib/action_dispatch/middleware/executor.rb:16:in `call'
actionpack (8.0.5) lib/action_dispatch/middleware/actionable_exceptions.rb:18:in `call'
actionpack (8.0.5) lib/action_dispatch/middleware/debug_exceptions.rb:31:in `call'
web-console (4.3.0) lib/web_console/middleware.rb:132:in `call_app'
web-console (4.3.0) lib/web_console/middleware.rb:28:in `block in call'
web-console (4.3.0) lib/web_console/middleware.rb:17:in `catch'
web-console (4.3.0) lib/web_console/middleware.rb:17:in `call'
actionpack (8.0.5) lib/action_dispatch/middleware/show_exceptions.rb:32:in `call'
railties (8.0.5) lib/rails/rack/logger.rb:41:in `call_app'
railties (8.0.5) lib/rails/rack/logger.rb:29:in `call'
propshaft (1.3.2) lib/propshaft/quiet_assets.rb:11:in `call'
actionpack (8.0.5) lib/action_dispatch/middleware/remote_ip.rb:96:in `call'
actionpack (8.0.5) lib/action_dispatch/middleware/request_id.rb:34:in `call'
rack (3.2.6) lib/rack/method_override.rb:28:in `call'
rack (3.2.6) lib/rack/runtime.rb:24:in `call'
actionpack (8.0.5) lib/action_dispatch/middleware/server_timing.rb:61:in `block in call'
actionpack (8.0.5) lib/action_dispatch/middleware/server_timing.rb:26:in `collect_events'
actionpack (8.0.5) lib/action_dispatch/middleware/server_timing.rb:60:in `call'
actionpack (8.0.5) lib/action_dispatch/middleware/executor.rb:16:in `call'
propshaft (1.3.2) lib/propshaft/server.rb:37:in `call'
actionpack (8.0.5) lib/action_dispatch/middleware/static.rb:27:in `call'
rack (3.2.6) lib/rack/sendfile.rb:131:in `call'
actionpack (8.0.5) lib/action_dispatch/middleware/host_authorization.rb:143:in `call'
railties (8.0.5) lib/rails/engine.rb:535:in `call'
puma (8.0.0) lib/puma/configuration.rb:305:in `call'
puma (8.0.0) lib/puma/response.rb:79:in `block in handle_request'
puma (8.0.0) lib/puma/thread_pool.rb:434:in `with_force_shutdown'
puma (8.0.0) lib/puma/response.rb:78:in `handle_request'
puma (8.0.0) lib/puma/server.rb:508:in `process_client'
puma (8.0.0) lib/puma/server.rb:263:in `block in run'
puma (8.0.0) lib/puma/thread_pool.rb:246:in `block in spawn_thread'
  [1m[35mSQL (1.3ms)[0m  [1m[35mSET search_path TO public /*application='EventHub'*/[0m
  [1m[35m (183.4ms)[0m  [1m[35mCREATE DATABASE "event_hub_development" ENCODING = 'unicode' /*application='EventHub'*/[0m
  [1m[35mSQL (0.1ms)[0m  [1m[35mSET search_path TO public /*application='EventHub'*/[0m
  [1m[35m (79.9ms)[0m  [1m[35mCREATE DATABASE "event_hub_test" ENCODING = 'unicode' /*application='EventHub'*/[0m
  [1m[35mSQL (0.1ms)[0m  [1m[35mSET search_path TO public /*application='EventHub'*/[0m
  [1m[35m (11.9ms)[0m  [1m[35mCREATE DATABASE "event_hub_development" ENCODING = 'unicode' /*application='EventHub'*/[0m
  [1m[35mSQL (0.1ms)[0m  [1m[35mSET search_path TO public /*application='EventHub'*/[0m
  [1m[35m (10.8ms)[0m  [1m[35mCREATE DATABASE "event_hub_test" ENCODING = 'unicode' /*application='EventHub'*/[0m
Started GET "/" for 127.0.0.1 at 2026-04-20 20:24:49 -0400
  [1m[35m (9.7ms)[0m  [1m[35mCREATE TABLE "schema_migrations" ("version" character varying NOT NULL PRIMARY KEY) /*application='EventHub'*/[0m
  [1m[35m (3.2ms)[0m  [1m[35mCREATE TABLE "ar_internal_metadata" ("key" character varying NOT NULL PRIMARY KEY, "value" character varying, "created_at" timestamp(6) NOT NULL, "updated_at" timestamp(6) NOT NULL) /*application='EventHub'*/[0m
  [1m[36mActiveRecord::SchemaMigration Load (2.0ms)[0m  [1m[34mSELECT "schema_migrations"."version" FROM "schema_migrations" ORDER BY "schema_migrations"."version" ASC /*application='EventHub'*/[0m
Processing by PagesController#home as HTML
  Rendering layout layouts/application.html.erb
  Rendering pages/home.html.erb within layouts/application
  Rendered pages/home.html.erb within layouts/application (Duration: 0.3ms | GC: 0.0ms)
  Rendered layout layouts/application.html.erb (Duration: 10.0ms | GC: 6.6ms)
Completed 200 OK in 44ms (Views: 11.7ms | ActiveRecord: 0.0ms (0 queries, 0 cached) | GC: 6.6ms)


Started GET "/favicon.ico" for 127.0.0.1 at 2026-04-20 20:24:49 -0400
  
ActionController::RoutingError (No route matches [GET] "/favicon.ico"):
  
Started GET "/" for 127.0.0.1 at 2026-04-20 20:31:33 -0400
Processing by PagesController#home as HTML
  Rendering layout layouts/application.html.erb
  Rendering pages/home.html.erb within layouts/application
  Rendered pages/home.html.erb within layouts/application (Duration: 0.2ms | GC: 0.0ms)
  Rendered layout layouts/application.html.erb (Duration: 0.7ms | GC: 0.0ms)
Completed 200 OK in 19ms (Views: 1.3ms | ActiveRecord: 0.0ms (0 queries, 0 cached) | GC: 0.0ms)


Started GET "/" for 127.0.0.1 at 2026-04-20 20:40:17 -0400
Processing by PagesController#home as HTML
  Rendering layout layouts/application.html.erb
  Rendering pages/home.html.erb within layouts/application
  Rendered pages/home.html.erb within layouts/application (Duration: 0.2ms | GC: 0.0ms)
  Rendered layout layouts/application.html.erb (Duration: 0.7ms | GC: 0.0ms)
Completed 200 OK in 18ms (Views: 1.4ms | ActiveRecord: 0.0ms (0 queries, 0 cached) | GC: 0.0ms)


Started GET "/" for 127.0.0.1 at 2026-04-20 20:40:28 -0400
Processing by PagesController#home as HTML
  Rendering layout layouts/application.html.erb
  Rendering pages/home.html.erb within layouts/application
  Rendered pages/home.html.erb within layouts/application (Duration: 0.0ms | GC: 0.0ms)
  Rendered layout layouts/application.html.erb (Duration: 0.5ms | GC: 0.0ms)
Completed 200 OK in 25ms (Views: 0.6ms | ActiveRecord: 0.0ms (0 queries, 0 cached) | GC: 0.3ms)


Started GET "/" for 127.0.0.1 at 2026-04-20 20:40:43 -0400
Processing by PagesController#home as HTML
  Rendering layout layouts/application.html.erb
  Rendering pages/home.html.erb within layouts/application
  Rendered pages/home.html.erb within layouts/application (Duration: 0.3ms | GC: 0.1ms)
  Rendered layout layouts/application.html.erb (Duration: 1.0ms | GC: 0.3ms)
Completed 200 OK in 19ms (Views: 1.8ms | ActiveRecord: 0.0ms (0 queries, 0 cached) | GC: 1.0ms)


Started GET "/" for 127.0.0.1 at 2026-04-20 20:42:11 -0400
Processing by PagesController#home as HTML
  Rendering layout layouts/application.html.erb
  Rendering pages/home.html.erb within layouts/application
  Rendered pages/home.html.erb within layouts/application (Duration: 0.2ms | GC: 0.0ms)
  Rendered layout layouts/application.html.erb (Duration: 0.7ms | GC: 0.0ms)
Completed 200 OK in 20ms (Views: 1.2ms | ActiveRecord: 0.0ms (0 queries, 0 cached) | GC: 0.1ms)


Started GET "/" for 127.0.0.1 at 2026-04-20 20:42:57 -0400
Processing by PagesController#home as HTML
  Rendering layout layouts/application.html.erb
  Rendering pages/home.html.erb within layouts/application
  Rendered pages/home.html.erb within layouts/application (Duration: 0.2ms | GC: 0.0ms)
  Rendered layout layouts/application.html.erb (Duration: 0.6ms | GC: 0.0ms)
Completed 200 OK in 20ms (Views: 1.2ms | ActiveRecord: 0.0ms (0 queries, 0 cached) | GC: 0.0ms)


